#
# There is insufficient memory for the Java Runtime Environment to continue.
# Native memory allocation (malloc) failed to allocate 1774896 bytes for Chunk::new
# Possible reasons:
#   The system is out of physical RAM or swap space
#   The process is running with CompressedOops enabled, and the Java Heap may be blocking the growth of the native heap
# Possible solutions:
#   Reduce memory load on the system
#   Increase physical memory or swap space
#   Check if swap backing store is full
#   Decrease Java heap size (-Xmx/-Xms)
#   Decrease number of Java threads
#   Decrease Java thread stack sizes (-Xss)
#   Set larger code cache with -XX:ReservedCodeCacheSize=
#   JVM is running with Unscaled Compressed Oops mode in which the Java heap is
#     placed in the first 4GB address space. The Java Heap base address is the
#     maximum limit for the native heap growth. Please use -XX:HeapBaseMinAddress
#     to set the Java Heap base and to place the Java Heap above 4GB virtual address.
# This output file may be truncated or incomplete.
#
#  Out of Memory Error (./src/hotspot/share/memory/arena.cpp:197), pid=43028, tid=64824
#
# JRE version: OpenJDK Runtime Environment Corretto-11.0.17.8.1 (11.0.17+8) (build 11.0.17+8-LTS)
# Java VM: OpenJDK 64-Bit Server VM Corretto-11.0.17.8.1 (11.0.17+8-LTS, mixed mode, tiered, compressed oops, g1 gc, windows-amd64)
# No core dump will be written. Minidumps are not enabled by default on client versions of Windows
#

---------------  S U M M A R Y ------------

Command Line: -javaagent:C:\Program Files\JetBrains\IntelliJ IDEA Community Edition 2022.2\lib\idea_rt.jar=51385:C:\Program Files\JetBrains\IntelliJ IDEA Community Edition 2022.2\bin -Dfile.encoding=UTF-8 com.bbb.rbnbperso.RbnbpersoApplication

Host: Intel(R) Pentium(R) Silver J5040 CPU @ 2.00GHz, 4 cores, 3G,  Windows 10 , 64 bit Build 19041 (10.0.19041.2364)
Time: Wed Dec 28 12:16:41 2022 Paris, Madrid elapsed time: 32.398657 seconds (0d 0h 0m 32s)

---------------  T H R E A D  ---------------

Current thread (0x000002266d583000):  JavaThread "C2 CompilerThread0" daemon [_thread_in_native, id=64824, stack(0x0000006c82c00000,0x0000006c82d00000)]


Current CompileTask:
C2:  32399 3891   !   4       jdk.internal.loader.BuiltinClassLoader::findClassOnClassPathOrNull (64 bytes)

Stack: [0x0000006c82c00000,0x0000006c82d00000]
Native frames: (J=compiled Java code, j=interpreted, Vv=VM code, C=native code)
V  [jvm.dll+0x61f66a]
V  [jvm.dll+0x7ac889]
V  [jvm.dll+0x7adf78]
V  [jvm.dll+0x7ae653]
V  [jvm.dll+0x24fbe8]
V  [jvm.dll+0xc262c]
V  [jvm.dll+0xc2bec]
V  [jvm.dll+0x35a037]
V  [jvm.dll+0x325fc3]
V  [jvm.dll+0x3252fa]
V  [jvm.dll+0x209083]
V  [jvm.dll+0x20818d]
V  [jvm.dll+0x18a3c1]
V  [jvm.dll+0x217894]
V  [jvm.dll+0x215adb]
V  [jvm.dll+0x76f380]
V  [jvm.dll+0x7682b4]
V  [jvm.dll+0x61e4d5]
C  [ucrtbase.dll+0x21bb2]
C  [KERNEL32.DLL+0x17614]
C  [ntdll.dll+0x526a1]


---------------  P R O C E S S  ---------------

Threads class SMR info:
_java_thread_list=0x0000022671bd3460, length=17, elements={
0x000002265151b000, 0x000002266d520000, 0x000002266d529000, 0x000002266d578800,
0x000002266d57b800, 0x000002266d57d000, 0x000002266d583000, 0x000002266d584000,
0x000002266d59e800, 0x000002266d4d4800, 0x000002266e4a6800, 0x000002266ed21800,
0x000002266ec72800, 0x000002266e6f6000, 0x000002266f0b2800, 0x0000022672110000,
0x000002266f722800
}

Java Threads: ( => current thread )
  0x000002265151b000 JavaThread "main" [_thread_blocked, id=50668, stack(0x0000006c82000000,0x0000006c82100000)]
  0x000002266d520000 JavaThread "Reference Handler" daemon [_thread_blocked, id=56060, stack(0x0000006c82700000,0x0000006c82800000)]
  0x000002266d529000 JavaThread "Finalizer" daemon [_thread_blocked, id=64908, stack(0x0000006c82800000,0x0000006c82900000)]
  0x000002266d578800 JavaThread "Signal Dispatcher" daemon [_thread_blocked, id=52704, stack(0x0000006c82900000,0x0000006c82a00000)]
  0x000002266d57b800 JavaThread "Attach Listener" daemon [_thread_blocked, id=53156, stack(0x0000006c82a00000,0x0000006c82b00000)]
  0x000002266d57d000 JavaThread "Service Thread" daemon [_thread_blocked, id=54760, stack(0x0000006c82b00000,0x0000006c82c00000)]
=>0x000002266d583000 JavaThread "C2 CompilerThread0" daemon [_thread_in_native, id=64824, stack(0x0000006c82c00000,0x0000006c82d00000)]
  0x000002266d584000 JavaThread "C1 CompilerThread0" daemon [_thread_blocked, id=64860, stack(0x0000006c82d00000,0x0000006c82e00000)]
  0x000002266d59e800 JavaThread "Sweeper thread" daemon [_thread_blocked, id=45632, stack(0x0000006c82e00000,0x0000006c82f00000)]
  0x000002266d4d4800 JavaThread "Common-Cleaner" daemon [_thread_blocked, id=64028, stack(0x0000006c82f00000,0x0000006c83000000)]
  0x000002266e4a6800 JavaThread "Monitor Ctrl-Break" daemon [_thread_in_native, id=58592, stack(0x0000006c83000000,0x0000006c83100000)]
  0x000002266ed21800 JavaThread "Thread-0" [_thread_blocked, id=23716, stack(0x0000006c83300000,0x0000006c83400000)]
  0x000002266ec72800 JavaThread "restartedMain" [_thread_in_vm, id=58616, stack(0x0000006c83400000,0x0000006c83500000)]
  0x000002266e6f6000 JavaThread "Catalina-utility-1" [_thread_blocked, id=54656, stack(0x0000006c83700000,0x0000006c83800000)]
  0x000002266f0b2800 JavaThread "Catalina-utility-2" [_thread_blocked, id=54728, stack(0x0000006c83800000,0x0000006c83900000)]
  0x0000022672110000 JavaThread "container-0" [_thread_blocked, id=54556, stack(0x0000006c83900000,0x0000006c83a00000)]
  0x000002266f722800 JavaThread "mysql-cj-abandoned-connection-cleanup" daemon [_thread_blocked, id=44608, stack(0x0000006c83a00000,0x0000006c83b00000)]

Other Threads:
  0x000002266d4fb800 VMThread "VM Thread" [stack: 0x0000006c82600000,0x0000006c82700000] [id=61200]
  0x000002266e4ab800 WatcherThread [stack: 0x0000006c83100000,0x0000006c83200000] [id=57048]
  0x0000022651533800 GCTaskThread "GC Thread#0" [stack: 0x0000006c82100000,0x0000006c82200000] [id=59644]
  0x000002266ea9d000 GCTaskThread "GC Thread#1" [stack: 0x0000006c83200000,0x0000006c83300000] [id=61012]
  0x000002266ecca000 GCTaskThread "GC Thread#2" [stack: 0x0000006c83500000,0x0000006c83600000] [id=60240]
  0x000002266ecca800 GCTaskThread "GC Thread#3" [stack: 0x0000006c83600000,0x0000006c83700000] [id=54444]
  0x000002265154c800 ConcurrentGCThread "G1 Main Marker" [stack: 0x0000006c82200000,0x0000006c82300000] [id=65020]
  0x000002265154e000 ConcurrentGCThread "G1 Conc#0" [stack: 0x0000006c82300000,0x0000006c82400000] [id=37324]
  0x0000022651591000 ConcurrentGCThread "G1 Refine#0" [stack: 0x0000006c82400000,0x0000006c82500000] [id=57864]
  0x0000022651593000 ConcurrentGCThread "G1 Young RemSet Sampling" [stack: 0x0000006c82500000,0x0000006c82600000] [id=50988]

Threads with active compile tasks:
C2 CompilerThread0    32480 3891   !   4       jdk.internal.loader.BuiltinClassLoader::findClassOnClassPathOrNull (64 bytes)

VM state:not at safepoint (normal execution)

VM Mutex/Monitor currently owned by a thread: None

Heap address: 0x00000000c3e00000, size: 962 MB, Compressed Oops mode: 32-bit
Narrow klass base: 0x0000000000000000, Narrow klass shift: 3
Compressed class space size: 1073741824 Address: 0x0000000100000000

Heap:
 garbage-first heap   total 63488K, used 24029K [0x00000000c3e00000, 0x0000000100000000)
  region size 1024K, 12 young (12288K), 4 survivors (4096K)
 Metaspace       used 45029K, capacity 46215K, committed 46384K, reserved 1089536K
  class space    used 5465K, capacity 5930K, committed 6016K, reserved 1048576K
Heap Regions: E=young(eden), S=young(survivor), O=old, HS=humongous(starts), HC=humongous(continues), CS=collection set, F=free, A=archive, TAMS=top-at-mark-start (previous, next)
|   0|0x00000000c3e00000, 0x00000000c3f00000, 0x00000000c3f00000|100%|HS|  |TAMS 0x00000000c3f00000, 0x00000000c3e00000| Complete 
|   1|0x00000000c3f00000, 0x00000000c4000000, 0x00000000c4000000|100%| O|  |TAMS 0x00000000c4000000, 0x00000000c3f00000| Untracked 
|   2|0x00000000c4000000, 0x00000000c4100000, 0x00000000c4100000|100%| O|  |TAMS 0x00000000c4100000, 0x00000000c4000000| Untracked 
|   3|0x00000000c4100000, 0x00000000c4200000, 0x00000000c4200000|100%| O|  |TAMS 0x00000000c4200000, 0x00000000c4100000| Untracked 
|   4|0x00000000c4200000, 0x00000000c4300000, 0x00000000c4300000|100%| O|  |TAMS 0x00000000c4300000, 0x00000000c4200000| Untracked 
|   5|0x00000000c4300000, 0x00000000c4400000, 0x00000000c4400000|100%| O|  |TAMS 0x00000000c4400000, 0x00000000c4300000| Untracked 
|   6|0x00000000c4400000, 0x00000000c4500000, 0x00000000c4500000|100%| O|  |TAMS 0x00000000c4500000, 0x00000000c4400000| Untracked 
|   7|0x00000000c4500000, 0x00000000c4600000, 0x00000000c4600000|100%| O|  |TAMS 0x00000000c4600000, 0x00000000c4500000| Untracked 
|   8|0x00000000c4600000, 0x00000000c4700000, 0x00000000c4700000|100%| O|  |TAMS 0x00000000c4700000, 0x00000000c4600000| Untracked 
|   9|0x00000000c4700000, 0x00000000c4800000, 0x00000000c4800000|100%| O|  |TAMS 0x00000000c4800000, 0x00000000c4700000| Untracked 
|  10|0x00000000c4800000, 0x00000000c4900000, 0x00000000c4900000|100%| O|  |TAMS 0x00000000c4900000, 0x00000000c4800000| Untracked 
|  11|0x00000000c4900000, 0x00000000c4a00000, 0x00000000c4a00000|100%| O|  |TAMS 0x00000000c4922a00, 0x00000000c4900000| Untracked 
|  12|0x00000000c4a00000, 0x00000000c4b00000, 0x00000000c4b00000|100%| O|  |TAMS 0x00000000c4a00000, 0x00000000c4a00000| Untracked 
|  13|0x00000000c4b00000, 0x00000000c4b5ba00, 0x00000000c4c00000| 35%| O|  |TAMS 0x00000000c4b00000, 0x00000000c4b00000| Untracked 
|  14|0x00000000c4c00000, 0x00000000c4c00000, 0x00000000c4d00000|  0%| F|  |TAMS 0x00000000c4c00000, 0x00000000c4c00000| Untracked 
|  15|0x00000000c4d00000, 0x00000000c4d00000, 0x00000000c4e00000|  0%| F|  |TAMS 0x00000000c4d00000, 0x00000000c4d00000| Untracked 
|  16|0x00000000c4e00000, 0x00000000c4e00000, 0x00000000c4f00000|  0%| F|  |TAMS 0x00000000c4e00000, 0x00000000c4e00000| Untracked 
|  17|0x00000000c4f00000, 0x00000000c4f00000, 0x00000000c5000000|  0%| F|  |TAMS 0x00000000c4f00000, 0x00000000c4f00000| Untracked 
|  18|0x00000000c5000000, 0x00000000c5000000, 0x00000000c5100000|  0%| F|  |TAMS 0x00000000c5000000, 0x00000000c5000000| Untracked 
|  19|0x00000000c5100000, 0x00000000c5100000, 0x00000000c5200000|  0%| F|  |TAMS 0x00000000c5100000, 0x00000000c5100000| Untracked 
|  20|0x00000000c5200000, 0x00000000c5200000, 0x00000000c5300000|  0%| F|  |TAMS 0x00000000c5200000, 0x00000000c5200000| Untracked 
|  21|0x00000000c5300000, 0x00000000c5300000, 0x00000000c5400000|  0%| F|  |TAMS 0x00000000c5300000, 0x00000000c5300000| Untracked 
|  22|0x00000000c5400000, 0x00000000c5400000, 0x00000000c5500000|  0%| F|  |TAMS 0x00000000c5400000, 0x00000000c5400000| Untracked 
|  23|0x00000000c5500000, 0x00000000c5500000, 0x00000000c5600000|  0%| F|  |TAMS 0x00000000c5500000, 0x00000000c5500000| Untracked 
|  24|0x00000000c5600000, 0x00000000c5600000, 0x00000000c5700000|  0%| F|  |TAMS 0x00000000c5600000, 0x00000000c5600000| Untracked 
|  25|0x00000000c5700000, 0x00000000c5700000, 0x00000000c5800000|  0%| F|  |TAMS 0x00000000c5700000, 0x00000000c5700000| Untracked 
|  26|0x00000000c5800000, 0x00000000c5800000, 0x00000000c5900000|  0%| F|  |TAMS 0x00000000c5800000, 0x00000000c5800000| Untracked 
|  27|0x00000000c5900000, 0x00000000c5900000, 0x00000000c5a00000|  0%| F|  |TAMS 0x00000000c5900000, 0x00000000c5900000| Untracked 
|  28|0x00000000c5a00000, 0x00000000c5a00000, 0x00000000c5b00000|  0%| F|  |TAMS 0x00000000c5a00000, 0x00000000c5a00000| Untracked 
|  29|0x00000000c5b00000, 0x00000000c5b00000, 0x00000000c5c00000|  0%| F|  |TAMS 0x00000000c5b00000, 0x00000000c5b00000| Untracked 
|  30|0x00000000c5c00000, 0x00000000c5c1bb88, 0x00000000c5d00000| 10%| S|CS|TAMS 0x00000000c5c00000, 0x00000000c5c00000| Complete 
|  31|0x00000000c5d00000, 0x00000000c5e00000, 0x00000000c5e00000|100%| S|CS|TAMS 0x00000000c5d00000, 0x00000000c5d00000| Complete 
|  32|0x00000000c5e00000, 0x00000000c5f00000, 0x00000000c5f00000|100%| S|CS|TAMS 0x00000000c5e00000, 0x00000000c5e00000| Complete 
|  33|0x00000000c5f00000, 0x00000000c6000000, 0x00000000c6000000|100%| S|CS|TAMS 0x00000000c5f00000, 0x00000000c5f00000| Complete 
|  34|0x00000000c6000000, 0x00000000c6000000, 0x00000000c6100000|  0%| F|  |TAMS 0x00000000c6000000, 0x00000000c6000000| Untracked 
|  35|0x00000000c6100000, 0x00000000c6100000, 0x00000000c6200000|  0%| F|  |TAMS 0x00000000c6100000, 0x00000000c6100000| Untracked 
|  36|0x00000000c6200000, 0x00000000c6200000, 0x00000000c6300000|  0%| F|  |TAMS 0x00000000c6200000, 0x00000000c6200000| Untracked 
|  37|0x00000000c6300000, 0x00000000c6300000, 0x00000000c6400000|  0%| F|  |TAMS 0x00000000c6300000, 0x00000000c6300000| Untracked 
|  38|0x00000000c6400000, 0x00000000c6400000, 0x00000000c6500000|  0%| F|  |TAMS 0x00000000c6400000, 0x00000000c6400000| Untracked 
|  39|0x00000000c6500000, 0x00000000c6500000, 0x00000000c6600000|  0%| F|  |TAMS 0x00000000c6500000, 0x00000000c6500000| Untracked 
|  40|0x00000000c6600000, 0x00000000c6600000, 0x00000000c6700000|  0%| F|  |TAMS 0x00000000c6600000, 0x00000000c6600000| Untracked 
|  41|0x00000000c6700000, 0x00000000c6700000, 0x00000000c6800000|  0%| F|  |TAMS 0x00000000c6700000, 0x00000000c6700000| Untracked 
|  42|0x00000000c6800000, 0x00000000c6800000, 0x00000000c6900000|  0%| F|  |TAMS 0x00000000c6800000, 0x00000000c6800000| Untracked 
|  43|0x00000000c6900000, 0x00000000c6900000, 0x00000000c6a00000|  0%| F|  |TAMS 0x00000000c6900000, 0x00000000c6900000| Untracked 
|  44|0x00000000c6a00000, 0x00000000c6a00000, 0x00000000c6b00000|  0%| F|  |TAMS 0x00000000c6a00000, 0x00000000c6a00000| Untracked 
|  45|0x00000000c6b00000, 0x00000000c6b00000, 0x00000000c6c00000|  0%| F|  |TAMS 0x00000000c6b00000, 0x00000000c6b00000| Untracked 
|  46|0x00000000c6c00000, 0x00000000c6c00000, 0x00000000c6d00000|  0%| F|  |TAMS 0x00000000c6c00000, 0x00000000c6c00000| Untracked 
|  47|0x00000000c6d00000, 0x00000000c6d00000, 0x00000000c6e00000|  0%| F|  |TAMS 0x00000000c6d00000, 0x00000000c6d00000| Untracked 
|  48|0x00000000c6e00000, 0x00000000c6e00000, 0x00000000c6f00000|  0%| F|  |TAMS 0x00000000c6e00000, 0x00000000c6e00000| Untracked 
|  49|0x00000000c6f00000, 0x00000000c6f00000, 0x00000000c7000000|  0%| F|  |TAMS 0x00000000c6f00000, 0x00000000c6f00000| Untracked 
|  50|0x00000000c7000000, 0x00000000c7000000, 0x00000000c7100000|  0%| F|  |TAMS 0x00000000c7000000, 0x00000000c7000000| Untracked 
|  51|0x00000000c7100000, 0x00000000c7100000, 0x00000000c7200000|  0%| F|  |TAMS 0x00000000c7100000, 0x00000000c7100000| Untracked 
|  52|0x00000000c7200000, 0x00000000c7200000, 0x00000000c7300000|  0%| F|  |TAMS 0x00000000c7200000, 0x00000000c7200000| Untracked 
|  53|0x00000000c7300000, 0x00000000c7300000, 0x00000000c7400000|  0%| F|  |TAMS 0x00000000c7300000, 0x00000000c7300000| Untracked 
|  54|0x00000000c7400000, 0x00000000c7480800, 0x00000000c7500000| 50%| E|  |TAMS 0x00000000c7400000, 0x00000000c7400000| Complete 
|  55|0x00000000c7500000, 0x00000000c7600000, 0x00000000c7600000|100%| E|CS|TAMS 0x00000000c7500000, 0x00000000c7500000| Complete 
|  56|0x00000000c7600000, 0x00000000c7700000, 0x00000000c7700000|100%| E|CS|TAMS 0x00000000c7600000, 0x00000000c7600000| Complete 
|  57|0x00000000c7700000, 0x00000000c7800000, 0x00000000c7800000|100%| E|CS|TAMS 0x00000000c7700000, 0x00000000c7700000| Complete 
|  58|0x00000000c7800000, 0x00000000c7900000, 0x00000000c7900000|100%| E|CS|TAMS 0x00000000c7800000, 0x00000000c7800000| Complete 
|  59|0x00000000c7900000, 0x00000000c7a00000, 0x00000000c7a00000|100%| E|CS|TAMS 0x00000000c7900000, 0x00000000c7900000| Complete 
|  60|0x00000000c7a00000, 0x00000000c7b00000, 0x00000000c7b00000|100%| E|CS|TAMS 0x00000000c7a00000, 0x00000000c7a00000| Complete 
|  61|0x00000000c7b00000, 0x00000000c7c00000, 0x00000000c7c00000|100%| E|CS|TAMS 0x00000000c7b00000, 0x00000000c7b00000| Complete 

Card table byte_map: [0x0000022668e80000,0x0000022669070000] _byte_map_base: 0x0000022668861000

Marking Bits (Prev, Next): (CMBitMap*) 0x0000022651548248, (CMBitMap*) 0x0000022651548280
 Prev Bits: [0x0000022669260000, 0x000002266a168000)
 Next Bits: [0x000002266a170000, 0x000002266b078000)

Polling page: 0x000002264f360000

Metaspace:

Usage:
  Non-class:     39.34 MB capacity,    38.64 MB ( 98%) used,   575.00 KB (  1%) free+waste,   143.69 KB ( <1%) overhead. 
      Class:      5.79 MB capacity,     5.34 MB ( 92%) used,   394.38 KB (  7%) free+waste,    68.56 KB (  1%) overhead. 
       Both:     45.13 MB capacity,    43.98 MB ( 97%) used,   969.38 KB (  2%) free+waste,   212.25 KB ( <1%) overhead. 

Virtual space:
  Non-class space:       40.00 MB reserved,      39.42 MB ( 99%) committed 
      Class space:        1.00 GB reserved,       5.88 MB ( <1%) committed 
             Both:        1.04 GB reserved,      45.30 MB (  4%) committed 

Chunk freelists:
   Non-Class:  19.00 KB
       Class:  22.00 KB
        Both:  41.00 KB

MaxMetaspaceSize: 17179869184.00 GB
CompressedClassSpaceSize: 1.00 GB
Initial GC threshold: 20.80 MB
Current GC threshold: 58.41 MB
CDS: off

CodeHeap 'non-profiled nmethods': size=120064Kb used=2144Kb max_used=2144Kb free=117919Kb
 bounds [0x0000022661750000, 0x00000226619c0000, 0x0000022668c90000]
CodeHeap 'profiled nmethods': size=120000Kb used=9016Kb max_used=9016Kb free=110983Kb
 bounds [0x000002265a220000, 0x000002265aaf0000, 0x0000022661750000]
CodeHeap 'non-nmethods': size=5696Kb used=1222Kb max_used=1230Kb free=4473Kb
 bounds [0x0000022659c90000, 0x0000022659f00000, 0x000002265a220000]
 total_blobs=4400 nmethods=3899 adapters=414
 compilation: enabled
              stopped_count=0, restarted_count=0
 full_count=0

Compilation events (20 events):
Event: 32.171 Thread 0x000002266d584000 3895       3       sun.nio.cs.UTF_8$Decoder::decodeArrayLoop (691 bytes)
Event: 32.178 Thread 0x000002266d584000 nmethod 3895 0x000002265aad4990 code [0x000002265aad5360, 0x000002265aadb848]
Event: 32.178 Thread 0x000002266d584000 3896       3       java.util.Properties::load0 (249 bytes)
Event: 32.179 Thread 0x000002266d584000 nmethod 3896 0x000002265aadd590 code [0x000002265aadd7e0, 0x000002265aade1e8]
Event: 32.266 Thread 0x000002266d584000 3897 %     3       sun.nio.cs.UTF_8$Decoder::decodeArrayLoop @ 73 (691 bytes)
Event: 32.274 Thread 0x000002266d584000 nmethod 3897% 0x000002265aade510 code [0x000002265aadeea0, 0x000002265aae4da8]
Event: 32.293 Thread 0x000002266d584000 3899       1       java.util.jar.JarFile$JarFileEntry::getName (5 bytes)
Event: 32.293 Thread 0x000002266d584000 nmethod 3899 0x0000022661966890 code [0x0000022661966a40, 0x0000022661966af8]
Event: 32.301 Thread 0x000002266d584000 3900       3       jdk.internal.math.FDBigInteger::mult (64 bytes)
Event: 32.302 Thread 0x000002266d584000 nmethod 3900 0x000002265aae6b10 code [0x000002265aae6ce0, 0x000002265aae6f18]
Event: 32.302 Thread 0x000002266d584000 3902       3       jdk.internal.math.FDBigInteger::trimLeadingZeros (57 bytes)
Event: 32.302 Thread 0x000002266d584000 nmethod 3902 0x000002265aae7110 code [0x000002265aae72e0, 0x000002265aae75b8]
Event: 32.302 Thread 0x000002266d584000 3901       3       jdk.internal.math.FDBigInteger::<init> (30 bytes)
Event: 32.302 Thread 0x000002266d584000 nmethod 3901 0x000002265aae7710 code [0x000002265aae78e0, 0x000002265aae7ae8]
Event: 32.304 Thread 0x000002266d584000 3903       3       jdk.internal.math.FDBigInteger::size (10 bytes)
Event: 32.304 Thread 0x000002266d584000 nmethod 3903 0x000002265aae7c10 code [0x000002265aae7dc0, 0x000002265aae7eb8]
Event: 32.309 Thread 0x000002266d584000 3904       3       java.lang.String$CaseInsensitiveComparator::compare (13 bytes)
Event: 32.309 Thread 0x000002266d584000 nmethod 3904 0x000002265aae7f90 code [0x000002265aae8160, 0x000002265aae8468]
Event: 32.309 Thread 0x000002266d584000 3905       3       java.lang.String$CaseInsensitiveComparator::compare (68 bytes)
Event: 32.311 Thread 0x000002266d584000 nmethod 3905 0x000002265aae8590 code [0x000002265aae87c0, 0x000002265aae8d98]

GC Heap History (20 events):
Event: 4.963 GC heap before
{Heap before GC invocations=1 (full 0):
 garbage-first heap   total 63488K, used 18218K [0x00000000c3e00000, 0x0000000100000000)
  region size 1024K, 14 young (14336K), 2 survivors (2048K)
 Metaspace       used 12269K, capacity 12572K, committed 12800K, reserved 1060864K
  class space    used 1164K, capacity 1231K, committed 1280K, reserved 1048576K
}
Event: 4.969 GC heap after
{Heap after GC invocations=2 (full 0):
 garbage-first heap   total 63488K, used 6838K [0x00000000c3e00000, 0x0000000100000000)
  region size 1024K, 1 young (1024K), 1 survivors (1024K)
 Metaspace       used 12269K, capacity 12572K, committed 12800K, reserved 1060864K
  class space    used 1164K, capacity 1231K, committed 1280K, reserved 1048576K
}
Event: 6.277 GC heap before
{Heap before GC invocations=2 (full 0):
 garbage-first heap   total 63488K, used 28342K [0x00000000c3e00000, 0x0000000100000000)
  region size 1024K, 22 young (22528K), 1 survivors (1024K)
 Metaspace       used 17102K, capacity 17569K, committed 17920K, reserved 1064960K
  class space    used 1772K, capacity 1930K, committed 2048K, reserved 1048576K
}
Event: 6.281 GC heap after
{Heap after GC invocations=3 (full 0):
 garbage-first heap   total 63488K, used 7866K [0x00000000c3e00000, 0x0000000100000000)
  region size 1024K, 2 young (2048K), 2 survivors (2048K)
 Metaspace       used 17102K, capacity 17569K, committed 17920K, reserved 1064960K
  class space    used 1772K, capacity 1930K, committed 2048K, reserved 1048576K
}
Event: 8.075 GC heap before
{Heap before GC invocations=3 (full 0):
 garbage-first heap   total 63488K, used 25274K [0x00000000c3e00000, 0x0000000100000000)
  region size 1024K, 21 young (21504K), 2 survivors (2048K)
 Metaspace       used 20572K, capacity 21129K, committed 21296K, reserved 1069056K
  class space    used 2215K, capacity 2422K, committed 2432K, reserved 1048576K
}
Event: 8.082 GC heap after
{Heap after GC invocations=4 (full 0):
 garbage-first heap   total 63488K, used 8641K [0x00000000c3e00000, 0x0000000100000000)
  region size 1024K, 3 young (3072K), 3 survivors (3072K)
 Metaspace       used 20572K, capacity 21129K, committed 21296K, reserved 1069056K
  class space    used 2215K, capacity 2422K, committed 2432K, reserved 1048576K
}
Event: 9.865 GC heap before
{Heap before GC invocations=5 (full 0):
 garbage-first heap   total 63488K, used 33217K [0x00000000c3e00000, 0x0000000100000000)
  region size 1024K, 28 young (28672K), 3 survivors (3072K)
 Metaspace       used 25013K, capacity 25679K, committed 25776K, reserved 1073152K
  class space    used 2778K, capacity 3003K, committed 3072K, reserved 1048576K
}
Event: 9.873 GC heap after
{Heap after GC invocations=6 (full 0):
 garbage-first heap   total 63488K, used 9340K [0x00000000c3e00000, 0x0000000100000000)
  region size 1024K, 3 young (3072K), 3 survivors (3072K)
 Metaspace       used 25013K, capacity 25679K, committed 25776K, reserved 1073152K
  class space    used 2778K, capacity 3003K, committed 3072K, reserved 1048576K
}
Event: 13.835 GC heap before
{Heap before GC invocations=6 (full 0):
 garbage-first heap   total 63488K, used 39036K [0x00000000c3e00000, 0x0000000100000000)
  region size 1024K, 32 young (32768K), 3 survivors (3072K)
 Metaspace       used 27068K, capacity 27792K, committed 28080K, reserved 1075200K
  class space    used 2991K, capacity 3258K, committed 3328K, reserved 1048576K
}
Event: 13.844 GC heap after
{Heap after GC invocations=7 (full 0):
 garbage-first heap   total 63488K, used 10861K [0x00000000c3e00000, 0x0000000100000000)
  region size 1024K, 4 young (4096K), 4 survivors (4096K)
 Metaspace       used 27068K, capacity 27792K, committed 28080K, reserved 1075200K
  class space    used 2991K, capacity 3258K, committed 3328K, reserved 1048576K
}
Event: 17.559 GC heap before
{Heap before GC invocations=7 (full 0):
 garbage-first heap   total 63488K, used 40557K [0x00000000c3e00000, 0x0000000100000000)
  region size 1024K, 33 young (33792K), 4 survivors (4096K)
 Metaspace       used 29652K, capacity 30427K, committed 30512K, reserved 1077248K
  class space    used 3334K, capacity 3642K, committed 3712K, reserved 1048576K
}
Event: 17.567 GC heap after
{Heap after GC invocations=8 (full 0):
 garbage-first heap   total 63488K, used 11514K [0x00000000c3e00000, 0x0000000100000000)
  region size 1024K, 3 young (3072K), 3 survivors (3072K)
 Metaspace       used 29652K, capacity 30427K, committed 30512K, reserved 1077248K
  class space    used 3334K, capacity 3642K, committed 3712K, reserved 1048576K
}
Event: 22.133 GC heap before
{Heap before GC invocations=8 (full 0):
 garbage-first heap   total 63488K, used 43258K [0x00000000c3e00000, 0x0000000100000000)
  region size 1024K, 34 young (34816K), 3 survivors (3072K)
 Metaspace       used 33763K, capacity 34740K, committed 34992K, reserved 1079296K
  class space    used 3931K, capacity 4326K, committed 4352K, reserved 1048576K
}
Event: 22.145 GC heap after
{Heap after GC invocations=9 (full 0):
 garbage-first heap   total 63488K, used 13878K [0x00000000c3e00000, 0x0000000100000000)
  region size 1024K, 5 young (5120K), 5 survivors (5120K)
 Metaspace       used 33763K, capacity 34740K, committed 34992K, reserved 1079296K
  class space    used 3931K, capacity 4326K, committed 4352K, reserved 1048576K
}
Event: 25.439 GC heap before
{Heap before GC invocations=9 (full 0):
 garbage-first heap   total 63488K, used 16950K [0x00000000c3e00000, 0x0000000100000000)
  region size 1024K, 9 young (9216K), 5 survivors (5120K)
 Metaspace       used 34582K, capacity 35560K, committed 35632K, reserved 1081344K
  class space    used 4028K, capacity 4430K, committed 4480K, reserved 1048576K
}
Event: 25.450 GC heap after
{Heap after GC invocations=10 (full 0):
 garbage-first heap   total 63488K, used 14273K [0x00000000c3e00000, 0x0000000100000000)
  region size 1024K, 3 young (3072K), 3 survivors (3072K)
 Metaspace       used 34582K, capacity 35560K, committed 35632K, reserved 1081344K
  class space    used 4028K, capacity 4430K, committed 4480K, reserved 1048576K
}
Event: 29.101 GC heap before
{Heap before GC invocations=11 (full 0):
 garbage-first heap   total 63488K, used 42945K [0x00000000c3e00000, 0x0000000100000000)
  region size 1024K, 32 young (32768K), 3 survivors (3072K)
 Metaspace       used 37826K, capacity 38974K, committed 39088K, reserved 1083392K
  class space    used 4391K, capacity 4842K, committed 4864K, reserved 1048576K
}
Event: 29.114 GC heap after
{Heap after GC invocations=12 (full 0):
 garbage-first heap   total 63488K, used 16008K [0x00000000c3e00000, 0x0000000100000000)
  region size 1024K, 3 young (3072K), 3 survivors (3072K)
 Metaspace       used 37826K, capacity 38974K, committed 39088K, reserved 1083392K
  class space    used 4391K, capacity 4842K, committed 4864K, reserved 1048576K
}
Event: 31.611 GC heap before
{Heap before GC invocations=12 (full 0):
 garbage-first heap   total 63488K, used 44680K [0x00000000c3e00000, 0x0000000100000000)
  region size 1024K, 31 young (31744K), 3 survivors (3072K)
 Metaspace       used 43520K, capacity 44598K, committed 44848K, reserved 1089536K
  class space    used 5304K, capacity 5753K, committed 5760K, reserved 1048576K
}
Event: 31.619 GC heap after
{Heap after GC invocations=13 (full 0):
 garbage-first heap   total 63488K, used 16861K [0x00000000c3e00000, 0x0000000100000000)
  region size 1024K, 4 young (4096K), 4 survivors (4096K)
 Metaspace       used 43520K, capacity 44598K, committed 44848K, reserved 1089536K
  class space    used 5304K, capacity 5753K, committed 5760K, reserved 1048576K
}

Deoptimization events (20 events):
Event: 29.462 Thread 0x000002266ec72800 Uncommon trap: trap_request=0xfffffff4 fr.pc=0x00000226618b16fc relative=0x000000000000071c
Event: 29.462 Thread 0x000002266ec72800 Uncommon trap: reason=null_check action=make_not_entrant pc=0x00000226618b16fc method=org.springframework.beans.factory.support.DefaultListableBeanFactory.getBeanDefinition(Ljava/lang/String;)Lorg/springframework/beans/factory/config/BeanDefinition; @ 10 
Event: 29.462 Thread 0x000002266ec72800 DEOPT PACKING pc=0x00000226618b16fc sp=0x0000006c834fce80
Event: 29.462 Thread 0x000002266ec72800 DEOPT UNPACKING pc=0x0000022659cda1a9 sp=0x0000006c834fcdb8 mode 2
Event: 32.145 Thread 0x000002266ec72800 Uncommon trap: trap_request=0xffffff4d fr.pc=0x00000226617a085c relative=0x00000000000000bc
Event: 32.145 Thread 0x000002266ec72800 Uncommon trap: reason=unstable_if action=reinterpret pc=0x00000226617a085c method=java.net.URI.match(CJJ)Z @ 45 c2
Event: 32.145 Thread 0x000002266ec72800 DEOPT PACKING pc=0x00000226617a085c sp=0x0000006c834fc6c0
Event: 32.145 Thread 0x000002266ec72800 DEOPT UNPACKING pc=0x0000022659cda1a9 sp=0x0000006c834fc648 mode 2
Event: 32.170 Thread 0x000002266ec72800 Uncommon trap: trap_request=0xffffff4d fr.pc=0x000002266190d28c relative=0x000000000000034c
Event: 32.170 Thread 0x000002266ec72800 Uncommon trap: reason=unstable_if action=reinterpret pc=0x000002266190d28c method=sun.nio.cs.UTF_8$Decoder.decodeArrayLoop(Ljava/nio/ByteBuffer;Ljava/nio/CharBuffer;)Ljava/nio/charset/CoderResult; @ 110 c2
Event: 32.170 Thread 0x000002266ec72800 DEOPT PACKING pc=0x000002266190d28c sp=0x0000006c834fa170
Event: 32.170 Thread 0x000002266ec72800 DEOPT UNPACKING pc=0x0000022659cda1a9 sp=0x0000006c834fa0a8 mode 2
Event: 32.177 Thread 0x000002266ec72800 Uncommon trap: trap_request=0xffffff4d fr.pc=0x000002266190be70 relative=0x00000000000004b0
Event: 32.177 Thread 0x000002266ec72800 Uncommon trap: reason=unstable_if action=reinterpret pc=0x000002266190be70 method=sun.nio.cs.UTF_8$Decoder.decodeArrayLoop(Ljava/nio/ByteBuffer;Ljava/nio/CharBuffer;)Ljava/nio/charset/CoderResult; @ 110 c2
Event: 32.177 Thread 0x000002266ec72800 DEOPT PACKING pc=0x000002266190be70 sp=0x0000006c834fa140
Event: 32.177 Thread 0x000002266ec72800 DEOPT UNPACKING pc=0x0000022659cda1a9 sp=0x0000006c834fa0a8 mode 2
Event: 32.177 Thread 0x000002266ec72800 Uncommon trap: trap_request=0xffffff4d fr.pc=0x000002266190b0d4 relative=0x00000000000007b4
Event: 32.177 Thread 0x000002266ec72800 Uncommon trap: reason=unstable_if action=reinterpret pc=0x000002266190b0d4 method=java.util.Properties.load0(Ljava/util/Properties$LineReader;)V @ 160 c2
Event: 32.177 Thread 0x000002266ec72800 DEOPT PACKING pc=0x000002266190b0d4 sp=0x0000006c834fa770
Event: 32.177 Thread 0x000002266ec72800 DEOPT UNPACKING pc=0x0000022659cda1a9 sp=0x0000006c834fa728 mode 2

Classes redefined (0 events):
No events

Internal exceptions (20 events):
Event: 20.268 Thread 0x000002266ec72800 Exception <a 'java/lang/NoSuchMethodError'{0x00000000c67d0280}: 'java.lang.Object java.lang.invoke.DirectMethodHandle$Holder.invokeSpecialIFC(java.lang.Object, java.lang.Object, java.lang.Object)'> (0x00000000c67d0280) thrown at [./src/hotspot/share/interpreter/linkResolver.cpp, line 773]
Event: 20.494 Thread 0x000002266ec72800 Exception <a 'java/lang/NoSuchMethodError'{0x00000000c65daf18}: 'int java.lang.invoke.DirectMethodHandle$Holder.invokeSpecial(java.lang.Object, java.lang.Object, java.lang.Object, java.lang.Object, java.lang.Object)'> (0x00000000c65daf18) thrown at [./src/hotspot/share/interpreter/linkResolver.cpp, line 773]
Event: 21.199 Thread 0x000002266ec72800 Implicit null exception at 0x000002266189cdcf to 0x000002266189d220
Event: 21.212 Thread 0x000002266ec72800 Exception <a 'java/lang/NoSuchMethodError'{0x00000000c6272780}: 'void java.lang.invoke.DelegatingMethodHandle$Holder.delegate(java.lang.Object, java.lang.Object, int, java.lang.Object)'> (0x00000000c6272780) thrown at [./src/hotspot/share/interpreter/linkResolver.cpp, line 773]
Event: 21.296 Thread 0x000002266ec72800 Exception <a 'java/lang/NoSuchMethodError'{0x00000000c6113bb8}: 'void java.lang.invoke.DirectMethodHandle$Holder.invokeStatic(java.lang.Object, java.lang.Object, int)'> (0x00000000c6113bb8) thrown at [./src/hotspot/share/interpreter/linkResolver.cpp, line 773]
Event: 21.414 Thread 0x000002266ec72800 Exception <a 'java/lang/NoSuchMethodError'{0x00000000c608e290}: 'void java.lang.invoke.DirectMethodHandle$Holder.invokeInterface(java.lang.Object, java.lang.Object, int)'> (0x00000000c608e290) thrown at [./src/hotspot/share/interpreter/linkResolver.cpp, line 773]
Event: 21.418 Thread 0x000002266ec72800 Exception <a 'java/lang/NoSuchMethodError'{0x00000000c60a6348}: 'int java.lang.invoke.DirectMethodHandle$Holder.invokeVirtual(java.lang.Object, java.lang.Object)'> (0x00000000c60a6348) thrown at [./src/hotspot/share/interpreter/linkResolver.cpp, line 773]
Event: 21.426 Thread 0x000002266ec72800 Exception <a 'java/lang/IncompatibleClassChangeError'{0x00000000c60dbf28}: Found class java.lang.Object, but interface was expected> (0x00000000c60dbf28) thrown at [./src/hotspot/share/interpreter/linkResolver.cpp, line 839]
Event: 21.427 Thread 0x000002266ec72800 Exception <a 'java/lang/NoSuchMethodError'{0x00000000c60e0dd0}: 'void java.lang.invoke.DirectMethodHandle$Holder.invokeStatic(java.lang.Object, int, java.lang.Object)'> (0x00000000c60e0dd0) thrown at [./src/hotspot/share/interpreter/linkResolver.cpp, line 773]
Event: 22.416 Thread 0x000002266ec72800 Exception <a 'java/lang/NoSuchMethodError'{0x00000000c7909600}: 'java.lang.Object java.lang.invoke.DirectMethodHandle$Holder.invokeStaticInit(java.lang.Object, int, int, int, int)'> (0x00000000c7909600) thrown at [./src/hotspot/share/interpreter/linkResolver.cpp, line 773]
Event: 25.376 Thread 0x000002266ec72800 Exception <a 'java/lang/NoSuchMethodError'{0x00000000c795dd10}: 'java.lang.Object java.lang.invoke.DirectMethodHandle$Holder.invokeStaticInit(java.lang.Object, java.lang.Object, int, int, int, int)'> (0x00000000c795dd10) thrown at [./src/hotspot/share/interpreter/linkResolver.cpp, line 773]
Event: 27.404 Thread 0x000002266ec72800 Exception <a 'sun/nio/fs/WindowsException'{0x00000000c6d3cc48}> (0x00000000c6d3cc48) thrown at [./src/hotspot/share/prims/jni.cpp, line 617]
Event: 27.406 Thread 0x000002266ec72800 Exception <a 'sun/nio/fs/WindowsException'{0x00000000c6d42a58}> (0x00000000c6d42a58) thrown at [./src/hotspot/share/prims/jni.cpp, line 617]
Event: 27.408 Thread 0x000002266ec72800 Exception <a 'sun/nio/fs/WindowsException'{0x00000000c6d43130}> (0x00000000c6d43130) thrown at [./src/hotspot/share/prims/jni.cpp, line 617]
Event: 27.666 Thread 0x000002266ec72800 Implicit null exception at 0x000002266180e440 to 0x0000022661810248
Event: 28.051 Thread 0x000002266ec72800 Exception <a 'java/io/FileNotFoundException'{0x00000000c669bab8}> (0x00000000c669bab8) thrown at [./src/hotspot/share/prims/jni.cpp, line 617]
Event: 28.275 Thread 0x000002266ec72800 Exception <a 'java/lang/NoSuchMethodError'{0x00000000c64034a8}: 'int java.lang.invoke.DirectMethodHandle$Holder.invokeInterface(java.lang.Object, java.lang.Object, java.lang.Object, java.lang.Object)'> (0x00000000c64034a8) thrown at [./src/hotspot/share/interpreter/linkResolver.cpp, line 773]
Event: 28.580 Thread 0x000002266ec72800 Exception <a 'java/lang/NoSuchMethodError'{0x00000000c614df98}: 'long java.lang.invoke.DirectMethodHandle$Holder.invokeVirtual(java.lang.Object, java.lang.Object)'> (0x00000000c614df98) thrown at [./src/hotspot/share/interpreter/linkResolver.cpp, line 773]
Event: 28.617 Thread 0x000002266ec72800 Exception <a 'java/io/FileNotFoundException'{0x00000000c619f480}> (0x00000000c619f480) thrown at [./src/hotspot/share/prims/jni.cpp, line 617]
Event: 29.462 Thread 0x000002266ec72800 Implicit null exception at 0x00000226618b14cb to 0x00000226618b16f0

Events (20 events):
Event: 32.360 loading class com/mysql/cj/jdbc/ConnectionImpl$6
Event: 32.360 loading class com/mysql/cj/jdbc/ConnectionImpl$6 done
Event: 32.363 loading class com/mysql/cj/jdbc/ConnectionImpl$2
Event: 32.363 loading class com/mysql/cj/jdbc/ConnectionImpl$2 done
Event: 32.365 loading class com/mysql/cj/jdbc/result/CachedResultSetMetaData
Event: 32.365 loading class com/mysql/cj/jdbc/result/CachedResultSetMetaData done
Event: 32.366 loading class com/mysql/cj/protocol/ColumnDefinition
Event: 32.366 loading class com/mysql/cj/protocol/ColumnDefinition done
Event: 32.367 loading class com/mysql/cj/protocol/ProtocolEntity
Event: 32.367 loading class com/mysql/cj/protocol/ProtocolEntity done
Event: 32.368 loading class com/mysql/cj/jdbc/ClientPreparedStatement
Event: 32.368 loading class com/mysql/cj/jdbc/ClientPreparedStatement done
Event: 32.374 loading class com/mysql/cj/jdbc/JdbcPreparedStatement
Event: 32.374 loading class com/mysql/cj/jdbc/JdbcPreparedStatement done
Event: 32.375 loading class com/mysql/cj/jdbc/JdbcStatement
Event: 32.375 loading class com/mysql/cj/jdbc/JdbcStatement done
Event: 32.376 loading class com/mysql/cj/Query
Event: 32.376 loading class com/mysql/cj/Query done
Event: 32.380 loading class com/mysql/cj/jdbc/StatementImpl
Event: 32.380 loading class com/mysql/cj/jdbc/StatementImpl done


Dynamic libraries:
0x00007ff6b2420000 - 0x00007ff6b242d000 	C:\Users\bahbo\.jdks\corretto-11.0.17\bin\java.exe
0x00007ffbb7fd0000 - 0x00007ffbb81c8000 	C:\windows\SYSTEM32\ntdll.dll
0x00007ffbb7ed0000 - 0x00007ffbb7f8f000 	C:\windows\System32\KERNEL32.DLL
0x00007ffbb5d30000 - 0x00007ffbb6002000 	C:\windows\System32\KERNELBASE.dll
0x00007ffbb56c0000 - 0x00007ffbb57c0000 	C:\windows\System32\ucrtbase.dll
0x00007ffb531f0000 - 0x00007ffb53209000 	C:\Users\bahbo\.jdks\corretto-11.0.17\bin\VCRUNTIME140.dll
0x00007ffb75390000 - 0x00007ffb753a7000 	C:\Users\bahbo\.jdks\corretto-11.0.17\bin\jli.dll
0x00007ffbb6190000 - 0x00007ffbb6331000 	C:\windows\System32\USER32.dll
0x00007ffbb58e0000 - 0x00007ffbb5902000 	C:\windows\System32\win32u.dll
0x00007ffbb6f40000 - 0x00007ffbb6f6b000 	C:\windows\System32\GDI32.dll
0x00007ffbb5c20000 - 0x00007ffbb5d2f000 	C:\windows\System32\gdi32full.dll
0x00007ffbb5b80000 - 0x00007ffbb5c1d000 	C:\windows\System32\msvcp_win.dll
0x00007ffb9ddb0000 - 0x00007ffb9e04a000 	C:\windows\WinSxS\amd64_microsoft.windows.common-controls_6595b64144ccf1df_6.0.19041.1110_none_60b5254171f9507e\COMCTL32.dll
0x00007ffbb60f0000 - 0x00007ffbb618e000 	C:\windows\System32\msvcrt.dll
0x00007ffbb6ed0000 - 0x00007ffbb6f02000 	C:\windows\System32\IMM32.DLL
0x00007ffb50670000 - 0x00007ffb5070b000 	C:\Users\bahbo\.jdks\corretto-11.0.17\bin\msvcp140.dll
0x00007ffb1b490000 - 0x00007ffb1c015000 	C:\Users\bahbo\.jdks\corretto-11.0.17\bin\server\jvm.dll
0x00007ffbb7800000 - 0x00007ffbb78ae000 	C:\windows\System32\ADVAPI32.dll
0x00007ffbb63a0000 - 0x00007ffbb643c000 	C:\windows\System32\sechost.dll
0x00007ffbb6440000 - 0x00007ffbb6565000 	C:\windows\System32\RPCRT4.dll
0x00007ffbb77f0000 - 0x00007ffbb77f8000 	C:\windows\System32\PSAPI.DLL
0x00007ffb9e400000 - 0x00007ffb9e427000 	C:\windows\SYSTEM32\WINMM.dll
0x00007ffb9b780000 - 0x00007ffb9b789000 	C:\windows\SYSTEM32\WSOCK32.dll
0x00007ffbb78b0000 - 0x00007ffbb791b000 	C:\windows\System32\WS2_32.dll
0x00007ffbac7f0000 - 0x00007ffbac7fa000 	C:\windows\SYSTEM32\VERSION.dll
0x00007ffbb3f30000 - 0x00007ffbb3f42000 	C:\windows\SYSTEM32\kernel.appcore.dll
0x00007ffb864a0000 - 0x00007ffb864b0000 	C:\Users\bahbo\.jdks\corretto-11.0.17\bin\verify.dll
0x00007ffbb3c40000 - 0x00007ffbb3e24000 	C:\windows\SYSTEM32\DBGHELP.DLL
0x00007ffb9f530000 - 0x00007ffb9f565000 	C:\windows\SYSTEM32\dbgcore.DLL
0x00007ffbb5960000 - 0x00007ffbb59e2000 	C:\windows\System32\bcryptPrimitives.dll
0x00007ffb50640000 - 0x00007ffb50668000 	C:\Users\bahbo\.jdks\corretto-11.0.17\bin\java.dll
0x00007ffb84490000 - 0x00007ffb8449a000 	C:\Users\bahbo\.jdks\corretto-11.0.17\bin\jimage.dll
0x00007ffbb0a10000 - 0x00007ffbb0a1e000 	C:\Users\bahbo\.jdks\corretto-11.0.17\bin\instrument.dll
0x00007ffb50620000 - 0x00007ffb50638000 	C:\Users\bahbo\.jdks\corretto-11.0.17\bin\zip.dll
0x00007ffbb6780000 - 0x00007ffbb6ec4000 	C:\windows\System32\SHELL32.dll
0x00007ffbb34a0000 - 0x00007ffbb3c32000 	C:\windows\SYSTEM32\windows.storage.dll
0x00007ffbb73e0000 - 0x00007ffbb7735000 	C:\windows\System32\combase.dll
0x00007ffbb5030000 - 0x00007ffbb5060000 	C:\windows\SYSTEM32\Wldp.dll
0x00007ffbb7a40000 - 0x00007ffbb7aed000 	C:\windows\System32\SHCORE.dll
0x00007ffbb6010000 - 0x00007ffbb6065000 	C:\windows\System32\shlwapi.dll
0x00007ffbb5600000 - 0x00007ffbb561f000 	C:\windows\SYSTEM32\profapi.dll
0x00007ffb50600000 - 0x00007ffb50619000 	C:\Users\bahbo\.jdks\corretto-11.0.17\bin\net.dll
0x00007ffba1fa0000 - 0x00007ffba20ac000 	C:\windows\SYSTEM32\WINHTTP.dll
0x00007ffbb4da0000 - 0x00007ffbb4e0a000 	C:\windows\system32\mswsock.dll
0x00007ffb505e0000 - 0x00007ffb505f3000 	C:\Users\bahbo\.jdks\corretto-11.0.17\bin\nio.dll
0x00007ffbaf500000 - 0x00007ffbaf51a000 	C:\Program Files\JetBrains\IntelliJ IDEA Community Edition 2022.2\bin\breakgen64.dll
0x00007ffbae7d0000 - 0x00007ffbae7d9000 	C:\Users\bahbo\.jdks\corretto-11.0.17\bin\management.dll
0x00007ffbae7c0000 - 0x00007ffbae7cb000 	C:\Users\bahbo\.jdks\corretto-11.0.17\bin\management_ext.dll
0x00007ffb5dd80000 - 0x00007ffb5dd97000 	C:\windows\system32\napinsp.dll
0x00007ffb5dd60000 - 0x00007ffb5dd7b000 	C:\windows\system32\pnrpnsp.dll
0x00007ffbaffd0000 - 0x00007ffbaffe5000 	C:\windows\system32\wshbth.dll
0x00007ffbb09c0000 - 0x00007ffbb09dd000 	C:\windows\system32\NLAapi.dll
0x00007ffbb4a90000 - 0x00007ffbb4acb000 	C:\windows\SYSTEM32\IPHLPAPI.DLL
0x00007ffbb4ad0000 - 0x00007ffbb4b9a000 	C:\windows\SYSTEM32\DNSAPI.dll
0x00007ffbb7e30000 - 0x00007ffbb7e38000 	C:\windows\System32\NSI.dll
0x00007ffb5dd40000 - 0x00007ffb5dd52000 	C:\windows\System32\winrnr.dll
0x00007ffb9bdf0000 - 0x00007ffb9bdfa000 	C:\Windows\System32\rasadhlp.dll
0x00007ffb9d1b0000 - 0x00007ffb9d230000 	C:\windows\System32\fwpuclnt.dll
0x00007ffbb5b50000 - 0x00007ffbb5b77000 	C:\windows\System32\bcrypt.dll
0x00007ffbb4f90000 - 0x00007ffbb4fa8000 	C:\windows\SYSTEM32\CRYPTSP.dll
0x00007ffbb46c0000 - 0x00007ffbb46f4000 	C:\windows\system32\rsaenh.dll
0x00007ffbb5580000 - 0x00007ffbb55ae000 	C:\windows\SYSTEM32\USERENV.dll
0x00007ffbb5280000 - 0x00007ffbb528c000 	C:\windows\SYSTEM32\CRYPTBASE.dll
0x00007ffba6e60000 - 0x00007ffba6e77000 	C:\windows\SYSTEM32\dhcpcsvc6.DLL
0x00007ffbaabe0000 - 0x00007ffbaabfd000 	C:\windows\SYSTEM32\dhcpcsvc.DLL
0x00007ffb8b0c0000 - 0x00007ffb8b0e5000 	C:\Users\bahbo\.jdks\corretto-11.0.17\bin\sunec.dll
0x00007ffbae1b0000 - 0x00007ffbae1be000 	C:\Users\bahbo\.jdks\corretto-11.0.17\bin\sunmscapi.dll
0x00007ffbb59f0000 - 0x00007ffbb5b46000 	C:\windows\System32\CRYPT32.dll
0x00007ffbb5110000 - 0x00007ffbb5137000 	C:\windows\SYSTEM32\ncrypt.dll
0x00007ffbb5060000 - 0x00007ffbb509b000 	C:\windows\SYSTEM32\NTASN1.dll

dbghelp: loaded successfully - version: 4.0.5 - missing functions: none
symbol engine: initialized successfully - sym options: 0x614 - pdb path: .;C:\Users\bahbo\.jdks\corretto-11.0.17\bin;C:\windows\SYSTEM32;C:\windows\WinSxS\amd64_microsoft.windows.common-controls_6595b64144ccf1df_6.0.19041.1110_none_60b5254171f9507e;C:\Users\bahbo\.jdks\corretto-11.0.17\bin\server;C:\Program Files\JetBrains\IntelliJ IDEA Community Edition 2022.2\bin

VM Arguments:
jvm_args: -javaagent:C:\Program Files\JetBrains\IntelliJ IDEA Community Edition 2022.2\lib\idea_rt.jar=51385:C:\Program Files\JetBrains\IntelliJ IDEA Community Edition 2022.2\bin -Dfile.encoding=UTF-8 
java_command: com.bbb.rbnbperso.RbnbpersoApplication
java_class_path (initial): C:\Users\bahbo\Desktop\rbnbPer\rbnbperso\target\classes;C:\Users\bahbo\.m2\repository\org\springframework\boot\spring-boot-starter-data-jdbc\2.7.7\spring-boot-starter-data-jdbc-2.7.7.jar;C:\Users\bahbo\.m2\repository\org\springframework\boot\spring-boot-starter-jdbc\2.7.7\spring-boot-starter-jdbc-2.7.7.jar;C:\Users\bahbo\.m2\repository\com\zaxxer\HikariCP\4.0.3\HikariCP-4.0.3.jar;C:\Users\bahbo\.m2\repository\org\springframework\spring-jdbc\5.3.24\spring-jdbc-5.3.24.jar;C:\Users\bahbo\.m2\repository\org\springframework\data\spring-data-jdbc\2.4.6\spring-data-jdbc-2.4.6.jar;C:\Users\bahbo\.m2\repository\org\springframework\data\spring-data-relational\2.4.6\spring-data-relational-2.4.6.jar;C:\Users\bahbo\.m2\repository\org\springframework\data\spring-data-commons\2.7.6\spring-data-commons-2.7.6.jar;C:\Users\bahbo\.m2\repository\org\springframework\spring-tx\5.3.24\spring-tx-5.3.24.jar;C:\Users\bahbo\.m2\repository\org\springframework\spring-context\5.3.24\spring-context-5.3.24.jar;C:\Users\bahbo\.m2\repository\org\springframework\spring-beans\5.3.24\spring-beans-5.3.24.jar;C:\Users\bahbo\.m2\repository\org\slf4j\slf4j-api\1.7.36\slf4j-api-1.7.36.jar;C:\Users\bahbo\.m2\repository\org\springframework\boot\spring-boot-starter-data-jpa\2.7.7\spring-boot-starter-data-jpa-2.7.7.jar;C:\Users\bahbo\.m2\repository\org\springframework\boot\spring-boot-starter-aop\2.7.7\spring-boot-starter-aop-2.7.7.jar;C:\Users\bahbo\.m2\repository\org\springframework\spring-aop\5.3.24\spring-aop-5.3.24.jar;C:\Users\bahbo\.m2\repository\org\aspectj\aspectjweaver\1.9.7\aspectjweaver-1.9.7.jar;C:\Users\bahbo\.m2\repository\jakarta\transaction\jakarta.transaction-api\1.3.3\jakarta.transaction-api-1.3.3.jar;C:\Users\bahbo\.m2\repository\jakarta\persistence\jakarta.persistence-api\2.2.3\jakarta.persistence-api-2.2.3.jar;C:\Users\bahbo\.m2\repository\org\hibernate\hibernate-core\5.6.14.Final\hibernate-core-5.6.14.Final.jar;C:\Users\bahbo\.m2\repository\org\jboss\logging\j
Launcher Type: SUN_STANDARD

[Global flags]
     intx CICompilerCount                          = 3                                         {product} {ergonomic}
     uint ConcGCThreads                            = 1                                         {product} {ergonomic}
     uint G1ConcRefinementThreads                  = 4                                         {product} {ergonomic}
   size_t G1HeapRegionSize                         = 1048576                                   {product} {ergonomic}
    uintx GCDrainStackTargetSize                   = 64                                        {product} {ergonomic}
   size_t InitialHeapSize                          = 65011712                                  {product} {ergonomic}
   size_t MarkStackSize                            = 4194304                                   {product} {ergonomic}
   size_t MaxHeapSize                              = 1008730112                                {product} {ergonomic}
   size_t MaxNewSize                               = 605028352                                 {product} {ergonomic}
   size_t MinHeapDeltaBytes                        = 1048576                                   {product} {ergonomic}
    uintx NonNMethodCodeHeapSize                   = 5830732                                {pd product} {ergonomic}
    uintx NonProfiledCodeHeapSize                  = 122913754                              {pd product} {ergonomic}
    uintx ProfiledCodeHeapSize                     = 122913754                              {pd product} {ergonomic}
    uintx ReservedCodeCacheSize                    = 251658240                              {pd product} {ergonomic}
     bool SegmentedCodeCache                       = true                                      {product} {ergonomic}
     bool UseCompressedClassPointers               = true                                 {lp64_product} {ergonomic}
     bool UseCompressedOops                        = true                                 {lp64_product} {ergonomic}
     bool UseG1GC                                  = true                                      {product} {ergonomic}
     bool UseLargePagesIndividualAllocation        = false                                  {pd product} {ergonomic}

Logging:
Log output configuration:
 #0: stdout all=warning uptime,level,tags
 #1: stderr all=off uptime,level,tags

Environment Variables:
JAVA_HOME=C:\Program Files\Java\jdk1.8.0_202
PATH=C:\Program Files\Eclipse Adoptium\jdk-8.0.345.1-hotspot\bin;C:\Program Files\Java\jdk1.8.0_202\bin;C:\Program Files (x86)\Common Files\Oracle\Java\javapath;C:\Python39\Scripts\;C:\Python39\;C:\windows\system32;C:\windows;C:\windows\System32\Wbem;C:\windows\System32\WindowsPowerShell\v1.0\;C:\windows\System32\OpenSSH\;C:\Program Files\nodejs\;C:\ProgramData\chocolatey\bin;C:\mysql\bin;C:\Program Files\Git\cmd;C:\Users\bahbo\AppData\Local\Microsoft\WindowsApps;C:\Users\bahbo\AppData\Roaming\npm;C:\Users\bahbo\AppData\Local\Programs\Microsoft VS Code\bin
USERNAME=bahbo
OS=Windows_NT
PROCESSOR_IDENTIFIER=Intel64 Family 6 Model 122 Stepping 8, GenuineIntel
TMP=C:\Users\bahbo\AppData\Local\Temp
TEMP=C:\Users\bahbo\AppData\Local\Temp



---------------  S Y S T E M  ---------------

OS: Windows 10 , 64 bit Build 19041 (10.0.19041.2364)
OS uptime: 7 days 19:33 hours

CPU:total 4 (initial active 4) (4 cores per cpu, 1 threads per core) family 6 model 122 stepping 8 microcode 0x1a, cmov, cx8, fxsr, mmx, sse, sse2, sse3, ssse3, sse4.1, sse4.2, popcnt, aes, clmul, erms, 3dnowpref, tsc, tscinvbit, sha

Memory: 4k page, system-wide physical 3843M (260M free)
TotalPageFile size 15619M (AvailPageFile size 4M)
current process WorkingSet (physical memory assigned to process): 148M, peak: 148M
current process commit charge ("private bytes"): 215M, peak: 216M

vm_info: OpenJDK 64-Bit Server VM (11.0.17+8-LTS) for windows-amd64 JRE (11.0.17+8-LTS), built on Oct 14 2022 18:02:01 by "Administrator" with MS VC++ 15.9 (VS2017)

END.
